WARNING:simsopt.objectives.least_squares:Function evaluation failed for <bound method Vmec.aspect of Vmec1 (nfp=3 mpol=4 ntor=4)>
WARNING:simsopt.objectives.least_squares:Function evaluation failed for <bound method Vmec.aspect of Vmec1 (nfp=3 mpol=4 ntor=4)>
WARNING:simsopt.objectives.least_squares:Function evaluation failed for <bound method Vmec.aspect of Vmec1 (nfp=3 mpol=4 ntor=4)>
WARNING:simsopt.objectives.least_squares:Function evaluation failed for <bound method Vmec.aspect of Vmec1 (nfp=3 mpol=4 ntor=4)>
WARNING:simsopt.objectives.least_squares:Function evaluation failed for <bound method Vmec.aspect of Vmec1 (nfp=3 mpol=4 ntor=4)>
/marconi/home/userexternal/rjorge00/simsopt/src/simsopt/mhd/vmec_diagnostics.py:237: RuntimeWarning: invalid value encountered in sqrt
  residuals3d[js, :, :] = np.sqrt(self.weights[js] * nfp * dtheta * dphi / V_prime[js] * sqrtg[js, :, :]) \
WARNING:simsopt.objectives.least_squares:Function evaluation failed for <bound method Vmec.aspect of Vmec1 (nfp=3 mpol=4 ntor=4)>
WARNING:simsopt.objectives.least_squares:Function evaluation failed for <bound method Vmec.aspect of Vmec1 (nfp=3 mpol=4 ntor=4)>
WARNING:simsopt.objectives.least_squares:Function evaluation failed for <bound method Vmec.aspect of Vmec1 (nfp=3 mpol=4 ntor=4)>
/marconi/home/userexternal/rjorge00/simsopt/src/simsopt/mhd/vmec_diagnostics.py:237: RuntimeWarning: invalid value encountered in sqrt
  residuals3d[js, :, :] = np.sqrt(self.weights[js] * nfp * dtheta * dphi / V_prime[js] * sqrtg[js, :, :]) \
/marconi/home/userexternal/rjorge00/simsopt/src/simsopt/mhd/vmec_diagnostics.py:237: RuntimeWarning: invalid value encountered in sqrt
  residuals3d[js, :, :] = np.sqrt(self.weights[js] * nfp * dtheta * dphi / V_prime[js] * sqrtg[js, :, :]) \
[r173c17s04:00753] *** Process received signal ***
[r173c17s04:00753] Signal: Segmentation fault (11)
[r173c17s04:00753] Signal code: Invalid permissions (2)
[r173c17s04:00753] Failing at address: 0x2b4bb4304000
[r173c17s04:00753] [ 0] /lib64/libpthread.so.0(+0xf370)[0x2b4b17795370]
[r173c17s04:00753] [ 1] /marconi/home/userexternal/rjorge00/.local/lib/python3.9/site-packages/booz_xform-0.0.7-py3.9-linux-x86_64.egg/booz_xform/_booz_xform.cpython-39-x86_64-linux-gnu.so(+0x26b0a)[0x2b4b5bebeb0a]
[r173c17s04:00753] [ 2] /marconi_work/PROJECTS/spack/preprod/02/install/0.18/linux-centos7-skylake/gcc-10.2.0/python-3.9.12-4t7kj5ew6umjslpe5kofug3eo32dvgng/lib/libpython3.9.so.1.0(_PyObject_MakeTpCall+0x80)[0x2b4b16e421d0]
[r173c17s04:00753] [ 3] /marconi_work/PROJECTS/spack/preprod/02/install/0.18/linux-centos7-skylake/gcc-10.2.0/python-3.9.12-4t7kj5ew6umjslpe5kofug3eo32dvgng/lib/libpython3.9.so.1.0(_PyEval_EvalFrameDefault+0x69c9)[0x2b4b16df4999]
[r173c17s04:00753] [ 4] /marconi_work/PROJECTS/spack/preprod/02/install/0.18/linux-centos7-skylake/gcc-10.2.0/python-3.9.12-4t7kj5ew6umjslpe5kofug3eo32dvgng/lib/libpython3.9.so.1.0(+0x66069)[0x2b4b16ded069]
[r173c17s04:00753] [ 5] /marconi_work/PROJECTS/spack/preprod/02/install/0.18/linux-centos7-skylake/gcc-10.2.0/python-3.9.12-4t7kj5ew6umjslpe5kofug3eo32dvgng/lib/libpython3.9.so.1.0(+0x12290a)[0x2b4b16ea990a]
[r173c17s04:00753] [ 6] /marconi_work/PROJECTS/spack/preprod/02/install/0.18/linux-centos7-skylake/gcc-10.2.0/python-3.9.12-4t7kj5ew6umjslpe5kofug3eo32dvgng/lib/libpython3.9.so.1.0(+0x122a6f)[0x2b4b16ea9a6f]
[r173c17s04:00753] [ 7] /marconi_work/PROJECTS/spack/preprod/02/install/0.18/linux-centos7-skylake/gcc-10.2.0/python-3.9.12-4t7kj5ew6umjslpe5kofug3eo32dvgng/lib/libpython3.9.so.1.0(PyNumber_Add+0x93)[0x2b4b16e26e23]
[r173c17s04:00753] [ 8] /marconi_work/PROJECTS/spack/preprod/02/install/0.18/linux-centos7-skylake/gcc-10.2.0/python-3.9.12-4t7kj5ew6umjslpe5kofug3eo32dvgng/lib/libpython3.9.so.1.0(_PyEval_EvalFrameDefault+0x1df0)[0x2b4b16defdc0]
[r173c17s04:00753] [ 9] /marconi_work/PROJECTS/spack/preprod/02/install/0.18/linux-centos7-skylake/gcc-10.2.0/python-3.9.12-4t7kj5ew6umjslpe5kofug3eo32dvgng/lib/libpython3.9.so.1.0(+0x1a674c)[0x2b4b16f2d74c]
[r173c17s04:00753] [10] /marconi_work/PROJECTS/spack/preprod/02/install/0.18/linux-centos7-skylake/gcc-10.2.0/python-3.9.12-4t7kj5ew6umjslpe5kofug3eo32dvgng/lib/libpython3.9.so.1.0(_PyFunction_Vectorcall+0x9d)[0x2b4b16e41f3d]
[r173c17s04:00753] [11] /marconi_work/PROJECTS/spack/preprod/02/install/0.18/linux-centos7-skylake/gcc-10.2.0/python-3.9.12-4t7kj5ew6umjslpe5kofug3eo32dvgng/lib/libpython3.9.so.1.0(_PyEval_EvalFrameDefault+0x697f)[0x2b4b16df494f]
[r173c17s04:00753] [12] /marconi_work/PROJECTS/spack/preprod/02/install/0.18/linux-centos7-skylake/gcc-10.2.0/python-3.9.12-4t7kj5ew6umjslpe5kofug3eo32dvgng/lib/libpython3.9.so.1.0(+0x1a674c)[0x2b4b16f2d74c]
[r173c17s04:00753] [13] /marconi_work/PROJECTS/spack/preprod/02/install/0.18/linux-centos7-skylake/gcc-10.2.0/python-3.9.12-4t7kj5ew6umjslpe5kofug3eo32dvgng/lib/libpython3.9.so.1.0(_PyEval_EvalCodeWithName+0x4e)[0x2b4b16f2dc6e]
[r173c17s04:00753] [14] /marconi_work/PROJECTS/spack/preprod/02/install/0.18/linux-centos7-skylake/gcc-10.2.0/python-3.9.12-4t7kj5ew6umjslpe5kofug3eo32dvgng/lib/libpython3.9.so.1.0(PyEval_EvalCodeEx+0x3e)[0x2b4b16f2dcbe]
[r173c17s04:00753] [15] /marconi_work/PROJECTS/spack/preprod/02/install/0.18/linux-centos7-skylake/gcc-10.2.0/python-3.9.12-4t7kj5ew6umjslpe5kofug3eo32dvgng/lib/libpython3.9.so.1.0(PyEval_EvalCode+0x1b)[0x2b4b16f2dceb]
[r173c17s04:00753] [16] /marconi_work/PROJECTS/spack/preprod/02/install/0.18/linux-centos7-skylake/gcc-10.2.0/python-3.9.12-4t7kj5ew6umjslpe5kofug3eo32dvgng/lib/libpython3.9.so.1.0(+0x1e7065)[0x2b4b16f6e065]
[r173c17s04:00753] [17] /marconi_work/PROJECTS/spack/preprod/02/install/0.18/linux-centos7-skylake/gcc-10.2.0/python-3.9.12-4t7kj5ew6umjslpe5kofug3eo32dvgng/lib/libpython3.9.so.1.0(PyRun_SimpleFileExFlags+0x188)[0x2b4b16f6fa88]
[r173c17s04:00753] [18] /marconi_work/PROJECTS/spack/preprod/02/install/0.18/linux-centos7-skylake/gcc-10.2.0/python-3.9.12-4t7kj5ew6umjslpe5kofug3eo32dvgng/lib/libpython3.9.so.1.0(Py_RunMain+0x757)[0x2b4b16f8c587]
[r173c17s04:00753] [19] /marconi_work/PROJECTS/spack/preprod/02/install/0.18/linux-centos7-skylake/gcc-10.2.0/python-3.9.12-4t7kj5ew6umjslpe5kofug3eo32dvgng/lib/libpython3.9.so.1.0(Py_BytesMain+0x43)[0x2b4b16f8ca23]
[r173c17s04:00753] [20] /lib64/libc.so.6(__libc_start_main+0xf5)[0x2b4b180ccb35]
[r173c17s04:00753] [21] python3[0x40110e]
[r173c17s04:00753] *** End of error message ***
--------------------------------------------------------------------------
Primary job  terminated normally, but 1 process returned
a non-zero exit code. Per user-direction, the job has been aborted.
--------------------------------------------------------------------------
--------------------------------------------------------------------------
mpirun noticed that process rank 24 with PID 753 on node r173c17s04 exited on signal 11 (Segmentation fault).
--------------------------------------------------------------------------
WARNING:simsopt.objectives.least_squares:Function evaluation failed for <bound method Vmec.aspect of Vmec1 (nfp=3 mpol=4 ntor=4)>
WARNING:simsopt.objectives.least_squares:Function evaluation failed for <bound method Vmec.aspect of Vmec1 (nfp=3 mpol=4 ntor=4)>
WARNING:simsopt.objectives.least_squares:Function evaluation failed for <bound method Vmec.aspect of Vmec1 (nfp=3 mpol=4 ntor=4)>
WARNING:simsopt.objectives.least_squares:Function evaluation failed for <bound method Vmec.aspect of Vmec1 (nfp=3 mpol=4 ntor=4)>
WARNING:simsopt.objectives.least_squares:Function evaluation failed for <bound method Vmec.aspect of Vmec1 (nfp=3 mpol=4 ntor=4)>
WARNING:simsopt.objectives.least_squares:Function evaluation failed for <bound method Vmec.aspect of Vmec1 (nfp=3 mpol=4 ntor=4)>
WARNING:simsopt.objectives.least_squares:Function evaluation failed for <bound method Vmec.aspect of Vmec1 (nfp=3 mpol=4 ntor=4)>
WARNING:simsopt.objectives.least_squares:Function evaluation failed for <bound method Vmec.aspect of Vmec1 (nfp=3 mpol=4 ntor=4)>
WARNING:simsopt.objectives.least_squares:Function evaluation failed for <bound method Vmec.aspect of Vmec1 (nfp=3 mpol=4 ntor=4)>
WARNING:simsopt.objectives.least_squares:Function evaluation failed for <bound method Vmec.aspect of Vmec1 (nfp=3 mpol=4 ntor=4)>
WARNING:simsopt.objectives.least_squares:Function evaluation failed for <bound method Vmec.aspect of Vmec1 (nfp=3 mpol=4 ntor=4)>
WARNING:simsopt.objectives.least_squares:Function evaluation failed for <bound method Vmec.aspect of Vmec1 (nfp=3 mpol=4 ntor=4)>
WARNING:simsopt.objectives.least_squares:Function evaluation failed for <bound method Vmec.aspect of Vmec1 (nfp=3 mpol=4 ntor=4)>
WARNING:simsopt.objectives.least_squares:Function evaluation failed for <bound method Vmec.aspect of Vmec1 (nfp=3 mpol=4 ntor=4)>
WARNING:simsopt.objectives.least_squares:Function evaluation failed for <bound method Vmec.aspect of Vmec1 (nfp=3 mpol=4 ntor=4)>
WARNING:simsopt.objectives.least_squares:Function evaluation failed for <bound method Vmec.aspect of Vmec1 (nfp=3 mpol=4 ntor=4)>
WARNING:simsopt.objectives.least_squares:Function evaluation failed for <bound method Vmec.aspect of Vmec1 (nfp=3 mpol=4 ntor=4)>
WARNING:simsopt.objectives.least_squares:Function evaluation failed for <bound method Vmec.aspect of Vmec1 (nfp=3 mpol=4 ntor=4)>
