WARNING:simsopt.objectives.least_squares:Function evaluation failed for <bound method Vmec.aspect of Vmec1 (nfp=1 mpol=5 ntor=5)>
WARNING:simsopt.objectives.least_squares:Function evaluation failed for <bound method Vmec.aspect of Vmec1 (nfp=1 mpol=5 ntor=5)>
[r140c01s01:50275] *** Process received signal ***
[r140c01s01:50275] Signal: Segmentation fault (11)
[r140c01s01:50275] Signal code: Invalid permissions (2)
[r140c01s01:50275] Failing at address: 0x2b463c2b6000
[r140c01s01:50275] [ 0] /lib64/libpthread.so.0(+0xf370)[0x2b459f744370]
[r140c01s01:50275] [ 1] /marconi/home/userexternal/rjorge00/.local/lib/python3.9/site-packages/booz_xform-0.0.7-py3.9-linux-x86_64.egg/booz_xform/_booz_xform.cpython-39-x86_64-linux-gnu.so(+0x26b0a)[0x2b45e3e6db0a]
[r140c01s01:50275] [ 2] /marconi_work/PROJECTS/spack/preprod/02/install/0.18/linux-centos7-skylake/gcc-10.2.0/python-3.9.12-4t7kj5ew6umjslpe5kofug3eo32dvgng/lib/libpython3.9.so.1.0(_PyObject_MakeTpCall+0x80)[0x2b459edf11d0]
[r140c01s01:50275] [ 3] /marconi_work/PROJECTS/spack/preprod/02/install/0.18/linux-centos7-skylake/gcc-10.2.0/python-3.9.12-4t7kj5ew6umjslpe5kofug3eo32dvgng/lib/libpython3.9.so.1.0(_PyEval_EvalFrameDefault+0x69c9)[0x2b459eda3999]
[r140c01s01:50275] [ 4] /marconi_work/PROJECTS/spack/preprod/02/install/0.18/linux-centos7-skylake/gcc-10.2.0/python-3.9.12-4t7kj5ew6umjslpe5kofug3eo32dvgng/lib/libpython3.9.so.1.0(+0xcfbea)[0x2b459ee05bea]
[r140c01s01:50275] [ 5] /marconi_work/PROJECTS/spack/preprod/02/install/0.18/linux-centos7-skylake/gcc-10.2.0/python-3.9.12-4t7kj5ew6umjslpe5kofug3eo32dvgng/lib/libpython3.9.so.1.0(PyIter_Next+0xc)[0x2b459eddb3fc]
[r140c01s01:50275] [ 6] /marconi_work/PROJECTS/spack/preprod/02/install/0.18/linux-centos7-skylake/gcc-10.2.0/python-3.9.12-4t7kj5ew6umjslpe5kofug3eo32dvgng/lib/libpython3.9.so.1.0(+0x1a105f)[0x2b459eed705f]
[r140c01s01:50275] [ 7] /marconi_work/PROJECTS/spack/preprod/02/install/0.18/linux-centos7-skylake/gcc-10.2.0/python-3.9.12-4t7kj5ew6umjslpe5kofug3eo32dvgng/lib/libpython3.9.so.1.0(+0x104154)[0x2b459ee3a154]
[r140c01s01:50275] [ 8] /marconi_work/PROJECTS/spack/preprod/02/install/0.18/linux-centos7-skylake/gcc-10.2.0/python-3.9.12-4t7kj5ew6umjslpe5kofug3eo32dvgng/lib/libpython3.9.so.1.0(_PyEval_EvalFrameDefault+0x697f)[0x2b459eda394f]
[r140c01s01:50275] [ 9] /marconi_work/PROJECTS/spack/preprod/02/install/0.18/linux-centos7-skylake/gcc-10.2.0/python-3.9.12-4t7kj5ew6umjslpe5kofug3eo32dvgng/lib/libpython3.9.so.1.0(+0x1a674c)[0x2b459eedc74c]
[r140c01s01:50275] [10] /marconi_work/PROJECTS/spack/preprod/02/install/0.18/linux-centos7-skylake/gcc-10.2.0/python-3.9.12-4t7kj5ew6umjslpe5kofug3eo32dvgng/lib/libpython3.9.so.1.0(_PyFunction_Vectorcall+0x9d)[0x2b459edf0f3d]
[r140c01s01:50275] [11] /marconi_work/PROJECTS/spack/preprod/02/install/0.18/linux-centos7-skylake/gcc-10.2.0/python-3.9.12-4t7kj5ew6umjslpe5kofug3eo32dvgng/lib/libpython3.9.so.1.0(_PyEval_EvalFrameDefault+0x697f)[0x2b459eda394f]
[r140c01s01:50275] [12] /marconi_work/PROJECTS/spack/preprod/02/install/0.18/linux-centos7-skylake/gcc-10.2.0/python-3.9.12-4t7kj5ew6umjslpe5kofug3eo32dvgng/lib/libpython3.9.so.1.0(+0x1a674c)[0x2b459eedc74c]
[r140c01s01:50275] [13] /marconi_work/PROJECTS/spack/preprod/02/install/0.18/linux-centos7-skylake/gcc-10.2.0/python-3.9.12-4t7kj5ew6umjslpe5kofug3eo32dvgng/lib/libpython3.9.so.1.0(_PyEval_EvalCodeWithName+0x4e)[0x2b459eedcc6e]
[r140c01s01:50275] [14] /marconi_work/PROJECTS/spack/preprod/02/install/0.18/linux-centos7-skylake/gcc-10.2.0/python-3.9.12-4t7kj5ew6umjslpe5kofug3eo32dvgng/lib/libpython3.9.so.1.0(PyEval_EvalCodeEx+0x3e)[0x2b459eedccbe]
[r140c01s01:50275] [15] /marconi_work/PROJECTS/spack/preprod/02/install/0.18/linux-centos7-skylake/gcc-10.2.0/python-3.9.12-4t7kj5ew6umjslpe5kofug3eo32dvgng/lib/libpython3.9.so.1.0(PyEval_EvalCode+0x1b)[0x2b459eedcceb]
[r140c01s01:50275] [16] /marconi_work/PROJECTS/spack/preprod/02/install/0.18/linux-centos7-skylake/gcc-10.2.0/python-3.9.12-4t7kj5ew6umjslpe5kofug3eo32dvgng/lib/libpython3.9.so.1.0(+0x1e7065)[0x2b459ef1d065]
[r140c01s01:50275] [17] /marconi_work/PROJECTS/spack/preprod/02/install/0.18/linux-centos7-skylake/gcc-10.2.0/python-3.9.12-4t7kj5ew6umjslpe5kofug3eo32dvgng/lib/libpython3.9.so.1.0(PyRun_SimpleFileExFlags+0x188)[0x2b459ef1ea88]
[r140c01s01:50275] [18] /marconi_work/PROJECTS/spack/preprod/02/install/0.18/linux-centos7-skylake/gcc-10.2.0/python-3.9.12-4t7kj5ew6umjslpe5kofug3eo32dvgng/lib/libpython3.9.so.1.0(Py_RunMain+0x757)[0x2b459ef3b587]
[r140c01s01:50275] [19] /marconi_work/PROJECTS/spack/preprod/02/install/0.18/linux-centos7-skylake/gcc-10.2.0/python-3.9.12-4t7kj5ew6umjslpe5kofug3eo32dvgng/lib/libpython3.9.so.1.0(Py_BytesMain+0x43)[0x2b459ef3ba23]
[r140c01s01:50275] [20] /lib64/libc.so.6(__libc_start_main+0xf5)[0x2b45a007bb35]
[r140c01s01:50275] [21] python3[0x40110e]
[r140c01s01:50275] *** End of error message ***
--------------------------------------------------------------------------
Primary job  terminated normally, but 1 process returned
a non-zero exit code. Per user-direction, the job has been aborted.
--------------------------------------------------------------------------
[r133c08s04:49264] *** Process received signal ***
[r133c08s04:49264] Signal: Segmentation fault (11)
[r133c08s04:49264] Signal code: Invalid permissions (2)
[r133c08s04:49264] Failing at address: 0x2b2a0c2c4000
[r133c08s04:49264] [ 0] /lib64/libpthread.so.0(+0xf370)[0x2b296f33d370]
[r133c08s04:49264] [ 1] /marconi/home/userexternal/rjorge00/.local/lib/python3.9/site-packages/booz_xform-0.0.7-py3.9-linux-x86_64.egg/booz_xform/_booz_xform.cpython-39-x86_64-linux-gnu.so(+0x26b0a)[0x2b29b3a66b0a]
[r133c08s04:49264] [ 2] /marconi_work/PROJECTS/spack/preprod/02/install/0.18/linux-centos7-skylake/gcc-10.2.0/python-3.9.12-4t7kj5ew6umjslpe5kofug3eo32dvgng/lib/libpython3.9.so.1.0(_PyObject_MakeTpCall+0x80)[0x2b296e9ea1d0]
[r133c08s04:49264] [ 3] /marconi_work/PROJECTS/spack/preprod/02/install/0.18/linux-centos7-skylake/gcc-10.2.0/python-3.9.12-4t7kj5ew6umjslpe5kofug3eo32dvgng/lib/libpython3.9.so.1.0(_PyEval_EvalFrameDefault+0x69c9)[0x2b296e99c999]
[r133c08s04:49264] [ 4] /marconi_work/PROJECTS/spack/preprod/02/install/0.18/linux-centos7-skylake/gcc-10.2.0/python-3.9.12-4t7kj5ew6umjslpe5kofug3eo32dvgng/lib/libpython3.9.so.1.0(+0x1a674c)[0x2b296ead574c]
[r133c08s04:49264] [ 5] /marconi_work/PROJECTS/spack/preprod/02/install/0.18/linux-centos7-skylake/gcc-10.2.0/python-3.9.12-4t7kj5ew6umjslpe5kofug3eo32dvgng/lib/libpython3.9.so.1.0(_PyFunction_Vectorcall+0x9d)[0x2b296e9e9f3d]
[r133c08s04:49264] [ 6] /marconi_work/PROJECTS/spack/preprod/02/install/0.18/linux-centos7-skylake/gcc-10.2.0/python-3.9.12-4t7kj5ew6umjslpe5kofug3eo32dvgng/lib/libpython3.9.so.1.0(_PyEval_EvalFrameDefault+0x697f)[0x2b296e99c94f]
[r133c08s04:49264] [ 7] /marconi_work/PROJECTS/spack/preprod/02/install/0.18/linux-centos7-skylake/gcc-10.2.0/python-3.9.12-4t7kj5ew6umjslpe5kofug3eo32dvgng/lib/libpython3.9.so.1.0(+0x1a674c)[0x2b296ead574c]
[r133c08s04:49264] [ 8] /marconi_work/PROJECTS/spack/preprod/02/install/0.18/linux-centos7-skylake/gcc-10.2.0/python-3.9.12-4t7kj5ew6umjslpe5kofug3eo32dvgng/lib/libpython3.9.so.1.0(_PyFunction_Vectorcall+0x9d)[0x2b296e9e9f3d]
[r133c08s04:49264] [ 9] /marconi_work/PROJECTS/spack/preprod/02/install/0.18/linux-centos7-skylake/gcc-10.2.0/python-3.9.12-4t7kj5ew6umjslpe5kofug3eo32dvgng/lib/libpython3.9.so.1.0(_PyEval_EvalFrameDefault+0x697f)[0x2b296e99c94f]
[r133c08s04:49264] [10] /marconi_work/PROJECTS/spack/preprod/02/install/0.18/linux-centos7-skylake/gcc-10.2.0/python-3.9.12-4t7kj5ew6umjslpe5kofug3eo32dvgng/lib/libpython3.9.so.1.0(+0x1a674c)[0x2b296ead574c]
[r133c08s04:49264] [11] /marconi_work/PROJECTS/spack/preprod/02/install/0.18/linux-centos7-skylake/gcc-10.2.0/python-3.9.12-4t7kj5ew6umjslpe5kofug3eo32dvgng/lib/libpython3.9.so.1.0(_PyEval_EvalCodeWithName+0x4e)[0x2b296ead5c6e]
[r133c08s04:49264] [12] /marconi_work/PROJECTS/spack/preprod/02/install/0.18/linux-centos7-skylake/gcc-10.2.0/python-3.9.12-4t7kj5ew6umjslpe5kofug3eo32dvgng/lib/libpython3.9.so.1.0(PyEval_EvalCodeEx+0x3e)[0x2b296ead5cbe]
[r133c08s04:49264] [13] /marconi_work/PROJECTS/spack/preprod/02/install/0.18/linux-centos7-skylake/gcc-10.2.0/python-3.9.12-4t7kj5ew6umjslpe5kofug3eo32dvgng/lib/libpython3.9.so.1.0(PyEval_EvalCode+0x1b)[0x2b296ead5ceb]
[r133c08s04:49264] [14] /marconi_work/PROJECTS/spack/preprod/02/install/0.18/linux-centos7-skylake/gcc-10.2.0/python-3.9.12-4t7kj5ew6umjslpe5kofug3eo32dvgng/lib/libpython3.9.so.1.0(+0x1e7065)[0x2b296eb16065]
[r133c08s04:49264] [15] /marconi_work/PROJECTS/spack/preprod/02/install/0.18/linux-centos7-skylake/gcc-10.2.0/python-3.9.12-4t7kj5ew6umjslpe5kofug3eo32dvgng/lib/libpython3.9.so.1.0(PyRun_SimpleFileExFlags+0x188)[0x2b296eb17a88]
[r133c08s04:49264] [16] /marconi_work/PROJECTS/spack/preprod/02/install/0.18/linux-centos7-skylake/gcc-10.2.0/python-3.9.12-4t7kj5ew6umjslpe5kofug3eo32dvgng/lib/libpython3.9.so.1.0(Py_RunMain+0x757)[0x2b296eb34587]
[r133c08s04:49264] [17] /marconi_work/PROJECTS/spack/preprod/02/install/0.18/linux-centos7-skylake/gcc-10.2.0/python-3.9.12-4t7kj5ew6umjslpe5kofug3eo32dvgng/lib/libpython3.9.so.1.0(Py_BytesMain+0x43)[0x2b296eb34a23]
[r133c08s04:49264] [18] /lib64/libc.so.6(__libc_start_main+0xf5)[0x2b296fc74b35]
[r133c08s04:49264] [19] python3[0x40110e]
[r133c08s04:49264] *** End of error message ***
--------------------------------------------------------------------------
mpirun noticed that process rank 9 with PID 50275 on node r140c01s01 exited on signal 11 (Segmentation fault).
--------------------------------------------------------------------------
WARNING:simsopt.objectives.least_squares:Function evaluation failed for <bound method Vmec.aspect of Vmec1 (nfp=1 mpol=5 ntor=5)>
WARNING:simsopt.objectives.least_squares:Function evaluation failed for <bound method Vmec.aspect of Vmec1 (nfp=1 mpol=5 ntor=5)>
WARNING:simsopt.objectives.least_squares:Function evaluation failed for <bound method Vmec.aspect of Vmec1 (nfp=1 mpol=5 ntor=5)>
WARNING:simsopt.objectives.least_squares:Function evaluation failed for <bound method Vmec.aspect of Vmec1 (nfp=1 mpol=5 ntor=5)>
WARNING:simsopt.objectives.least_squares:Function evaluation failed for <bound method Vmec.aspect of Vmec1 (nfp=1 mpol=5 ntor=5)>
WARNING:simsopt.objectives.least_squares:Function evaluation failed for <bound method Vmec.aspect of Vmec1 (nfp=1 mpol=5 ntor=5)>
WARNING:simsopt.objectives.least_squares:Function evaluation failed for <bound method Vmec.aspect of Vmec1 (nfp=1 mpol=5 ntor=5)>
WARNING:simsopt.objectives.least_squares:Function evaluation failed for <bound method Vmec.aspect of Vmec1 (nfp=1 mpol=5 ntor=5)>
WARNING:simsopt.objectives.least_squares:Function evaluation failed for <bound method Vmec.aspect of Vmec1 (nfp=1 mpol=5 ntor=5)>
WARNING:simsopt.objectives.least_squares:Function evaluation failed for <bound method Vmec.aspect of Vmec1 (nfp=1 mpol=5 ntor=5)>
slurmstepd: error: *** JOB 10846934 ON r133c08s04 CANCELLED AT 2023-01-27T01:47:13 DUE TO TIME LIMIT ***
