WARNING:simsopt.objectives.least_squares:Function evaluation failed for <bound method Vmec.aspect of Vmec1 (nfp=3 mpol=4 ntor=4)>
WARNING:simsopt.objectives.least_squares:Function evaluation failed for <bound method Vmec.aspect of Vmec1 (nfp=3 mpol=4 ntor=4)>
WARNING:simsopt.objectives.least_squares:Function evaluation failed for <bound method Vmec.aspect of Vmec1 (nfp=3 mpol=4 ntor=4)>
WARNING:simsopt.objectives.least_squares:Function evaluation failed for <bound method Vmec.aspect of Vmec1 (nfp=3 mpol=4 ntor=4)>
WARNING:simsopt.objectives.least_squares:Function evaluation failed for <bound method Vmec.aspect of Vmec1 (nfp=3 mpol=4 ntor=4)>
WARNING:simsopt.objectives.least_squares:Function evaluation failed for <bound method Vmec.aspect of Vmec1 (nfp=3 mpol=4 ntor=4)>
WARNING:simsopt.objectives.least_squares:Function evaluation failed for <bound method Vmec.aspect of Vmec1 (nfp=3 mpol=4 ntor=4)>
WARNING:simsopt.objectives.least_squares:Function evaluation failed for <bound method Vmec.aspect of Vmec1 (nfp=3 mpol=4 ntor=4)>
WARNING:simsopt.objectives.least_squares:Function evaluation failed for <bound method Vmec.aspect of Vmec1 (nfp=3 mpol=4 ntor=4)>
WARNING:simsopt.objectives.least_squares:Function evaluation failed for <bound method Vmec.aspect of Vmec1 (nfp=3 mpol=4 ntor=4)>
WARNING:simsopt.objectives.least_squares:Function evaluation failed for <bound method Vmec.aspect of Vmec1 (nfp=3 mpol=4 ntor=4)>
WARNING:simsopt.objectives.least_squares:Function evaluation failed for <bound method Vmec.aspect of Vmec1 (nfp=3 mpol=4 ntor=4)>
WARNING:simsopt.objectives.least_squares:Function evaluation failed for <bound method Vmec.aspect of Vmec1 (nfp=3 mpol=4 ntor=4)>
WARNING:simsopt.objectives.least_squares:Function evaluation failed for <bound method Vmec.aspect of Vmec1 (nfp=3 mpol=4 ntor=4)>
WARNING:simsopt.objectives.least_squares:Function evaluation failed for <bound method Vmec.aspect of Vmec1 (nfp=3 mpol=4 ntor=4)>
WARNING:simsopt.objectives.least_squares:Function evaluation failed for <bound method Vmec.aspect of Vmec1 (nfp=3 mpol=4 ntor=4)>
WARNING:simsopt.objectives.least_squares:Function evaluation failed for <bound method Vmec.aspect of Vmec1 (nfp=3 mpol=4 ntor=4)>
WARNING:simsopt.objectives.least_squares:Function evaluation failed for <bound method Vmec.aspect of Vmec1 (nfp=3 mpol=4 ntor=4)>
WARNING:simsopt.objectives.least_squares:Function evaluation failed for <bound method Vmec.aspect of Vmec1 (nfp=3 mpol=4 ntor=4)>
WARNING:simsopt.objectives.least_squares:Function evaluation failed for <bound method Vmec.aspect of Vmec1 (nfp=3 mpol=4 ntor=4)>
WARNING:simsopt.objectives.least_squares:Function evaluation failed for <bound method Vmec.aspect of Vmec1 (nfp=3 mpol=4 ntor=4)>
WARNING:simsopt.objectives.least_squares:Function evaluation failed for <bound method Vmec.aspect of Vmec1 (nfp=3 mpol=4 ntor=4)>
WARNING:simsopt.objectives.least_squares:Function evaluation failed for <bound method Vmec.aspect of Vmec1 (nfp=3 mpol=4 ntor=4)>
WARNING:simsopt.objectives.least_squares:Function evaluation failed for <bound method Vmec.aspect of Vmec1 (nfp=3 mpol=4 ntor=4)>
WARNING:simsopt.objectives.least_squares:Function evaluation failed for <bound method Vmec.aspect of Vmec1 (nfp=3 mpol=4 ntor=4)>
WARNING:simsopt.objectives.least_squares:Function evaluation failed for <bound method Vmec.aspect of Vmec1 (nfp=3 mpol=4 ntor=4)>
WARNING:simsopt.objectives.least_squares:Function evaluation failed for <bound method Vmec.aspect of Vmec1 (nfp=3 mpol=4 ntor=4)>
WARNING:simsopt.objectives.least_squares:Function evaluation failed for <bound method Vmec.aspect of Vmec1 (nfp=3 mpol=4 ntor=4)>
WARNING:simsopt.objectives.least_squares:Function evaluation failed for <bound method Vmec.aspect of Vmec1 (nfp=3 mpol=4 ntor=4)>
WARNING:simsopt.objectives.least_squares:Function evaluation failed for <bound method Vmec.aspect of Vmec1 (nfp=3 mpol=4 ntor=4)>
WARNING:simsopt.objectives.least_squares:Function evaluation failed for <bound method Vmec.aspect of Vmec1 (nfp=3 mpol=4 ntor=4)>
WARNING:simsopt.objectives.least_squares:Function evaluation failed for <bound method Vmec.aspect of Vmec1 (nfp=3 mpol=4 ntor=4)>
WARNING:simsopt.objectives.least_squares:Function evaluation failed for <bound method Vmec.aspect of Vmec1 (nfp=3 mpol=4 ntor=4)>
WARNING:simsopt.objectives.least_squares:Function evaluation failed for <bound method Vmec.aspect of Vmec1 (nfp=3 mpol=4 ntor=4)>
WARNING:simsopt.objectives.least_squares:Function evaluation failed for <bound method Vmec.aspect of Vmec1 (nfp=3 mpol=4 ntor=4)>
WARNING:simsopt.objectives.least_squares:Function evaluation failed for <bound method Vmec.aspect of Vmec1 (nfp=3 mpol=4 ntor=4)>
WARNING:simsopt.objectives.least_squares:Function evaluation failed for <bound method Vmec.aspect of Vmec1 (nfp=3 mpol=4 ntor=4)>
WARNING:simsopt.objectives.least_squares:Function evaluation failed for <bound method Vmec.aspect of Vmec1 (nfp=3 mpol=4 ntor=4)>
WARNING:simsopt.objectives.least_squares:Function evaluation failed for <bound method Vmec.aspect of Vmec1 (nfp=3 mpol=4 ntor=4)>
WARNING:simsopt.objectives.least_squares:Function evaluation failed for <bound method Vmec.aspect of Vmec1 (nfp=3 mpol=4 ntor=4)>
WARNING:simsopt.objectives.least_squares:Function evaluation failed for <bound method Vmec.aspect of Vmec1 (nfp=3 mpol=4 ntor=4)>
WARNING:simsopt.objectives.least_squares:Function evaluation failed for <bound method Vmec.aspect of Vmec1 (nfp=3 mpol=4 ntor=4)>
WARNING:simsopt.objectives.least_squares:Function evaluation failed for <bound method Vmec.aspect of Vmec1 (nfp=3 mpol=4 ntor=4)>
WARNING:simsopt.objectives.least_squares:Function evaluation failed for <bound method Vmec.aspect of Vmec1 (nfp=3 mpol=4 ntor=4)>
WARNING:simsopt.objectives.least_squares:Function evaluation failed for <bound method Vmec.aspect of Vmec1 (nfp=3 mpol=4 ntor=4)>
WARNING:simsopt.objectives.least_squares:Function evaluation failed for <bound method Vmec.aspect of Vmec1 (nfp=3 mpol=4 ntor=4)>
WARNING:simsopt.objectives.least_squares:Function evaluation failed for <bound method Vmec.aspect of Vmec1 (nfp=3 mpol=4 ntor=4)>
WARNING:simsopt.objectives.least_squares:Function evaluation failed for <bound method Vmec.aspect of Vmec1 (nfp=3 mpol=4 ntor=4)>
WARNING:simsopt.objectives.least_squares:Function evaluation failed for <bound method Vmec.aspect of Vmec1 (nfp=3 mpol=4 ntor=4)>
WARNING:simsopt.objectives.least_squares:Function evaluation failed for <bound method Vmec.aspect of Vmec1 (nfp=3 mpol=4 ntor=4)>
WARNING:simsopt.objectives.least_squares:Function evaluation failed for <bound method Vmec.aspect of Vmec1 (nfp=3 mpol=4 ntor=4)>
WARNING:simsopt.objectives.least_squares:Function evaluation failed for <bound method Vmec.aspect of Vmec1 (nfp=3 mpol=4 ntor=4)>
WARNING:simsopt.objectives.least_squares:Function evaluation failed for <bound method Vmec.aspect of Vmec1 (nfp=3 mpol=4 ntor=4)>
WARNING:simsopt.objectives.least_squares:Function evaluation failed for <bound method Vmec.aspect of Vmec1 (nfp=3 mpol=4 ntor=4)>
[r160c06s04:27372] *** Process received signal ***
[r160c06s04:27372] Signal: Segmentation fault (11)
[r160c06s04:27372] Signal code: Invalid permissions (2)
[r160c06s04:27372] Failing at address: 0x2aeb79434000
[r160c06s04:27372] [ 0] /lib64/libpthread.so.0(+0xf370)[0x2aeadc8a0370]
[r160c06s04:27372] [ 1] /marconi/home/userexternal/rjorge00/.local/lib/python3.9/site-packages/booz_xform-0.0.7-py3.9-linux-x86_64.egg/booz_xform/_booz_xform.cpython-39-x86_64-linux-gnu.so(+0x26b0a)[0x2aeb20fc9b0a]
[r160c06s04:27372] [ 2] /marconi_work/PROJECTS/spack/preprod/02/install/0.18/linux-centos7-skylake/gcc-10.2.0/python-3.9.12-4t7kj5ew6umjslpe5kofug3eo32dvgng/lib/libpython3.9.so.1.0(_PyObject_MakeTpCall+0x80)[0x2aeadbf4d1d0]
[r160c06s04:27372] [ 3] /marconi_work/PROJECTS/spack/preprod/02/install/0.18/linux-centos7-skylake/gcc-10.2.0/python-3.9.12-4t7kj5ew6umjslpe5kofug3eo32dvgng/lib/libpython3.9.so.1.0(_PyEval_EvalFrameDefault+0x69c9)[0x2aeadbeff999]
[r160c06s04:27372] [ 4] /marconi_work/PROJECTS/spack/preprod/02/install/0.18/linux-centos7-skylake/gcc-10.2.0/python-3.9.12-4t7kj5ew6umjslpe5kofug3eo32dvgng/lib/libpython3.9.so.1.0(+0x66069)[0x2aeadbef8069]
[r160c06s04:27372] [ 5] /marconi_work/PROJECTS/spack/preprod/02/install/0.18/linux-centos7-skylake/gcc-10.2.0/python-3.9.12-4t7kj5ew6umjslpe5kofug3eo32dvgng/lib/libpython3.9.so.1.0(+0x12290a)[0x2aeadbfb490a]
[r160c06s04:27372] [ 6] /marconi_work/PROJECTS/spack/preprod/02/install/0.18/linux-centos7-skylake/gcc-10.2.0/python-3.9.12-4t7kj5ew6umjslpe5kofug3eo32dvgng/lib/libpython3.9.so.1.0(+0x122a6f)[0x2aeadbfb4a6f]
[r160c06s04:27372] [ 7] /marconi_work/PROJECTS/spack/preprod/02/install/0.18/linux-centos7-skylake/gcc-10.2.0/python-3.9.12-4t7kj5ew6umjslpe5kofug3eo32dvgng/lib/libpython3.9.so.1.0(PyNumber_Add+0x93)[0x2aeadbf31e23]
[r160c06s04:27372] [ 8] /marconi_work/PROJECTS/spack/preprod/02/install/0.18/linux-centos7-skylake/gcc-10.2.0/python-3.9.12-4t7kj5ew6umjslpe5kofug3eo32dvgng/lib/libpython3.9.so.1.0(_PyEval_EvalFrameDefault+0x1df0)[0x2aeadbefadc0]
[r160c06s04:27372] [ 9] /marconi_work/PROJECTS/spack/preprod/02/install/0.18/linux-centos7-skylake/gcc-10.2.0/python-3.9.12-4t7kj5ew6umjslpe5kofug3eo32dvgng/lib/libpython3.9.so.1.0(+0x1a674c)[0x2aeadc03874c]
[r160c06s04:27372] [10] /marconi_work/PROJECTS/spack/preprod/02/install/0.18/linux-centos7-skylake/gcc-10.2.0/python-3.9.12-4t7kj5ew6umjslpe5kofug3eo32dvgng/lib/libpython3.9.so.1.0(_PyFunction_Vectorcall+0x9d)[0x2aeadbf4cf3d]
[r160c06s04:27372] [11] /marconi_work/PROJECTS/spack/preprod/02/install/0.18/linux-centos7-skylake/gcc-10.2.0/python-3.9.12-4t7kj5ew6umjslpe5kofug3eo32dvgng/lib/libpython3.9.so.1.0(_PyEval_EvalFrameDefault+0x697f)[0x2aeadbeff94f]
[r160c06s04:27372] [12] /marconi_work/PROJECTS/spack/preprod/02/install/0.18/linux-centos7-skylake/gcc-10.2.0/python-3.9.12-4t7kj5ew6umjslpe5kofug3eo32dvgng/lib/libpython3.9.so.1.0(+0x1a674c)[0x2aeadc03874c]
[r160c06s04:27372] [13] /marconi_work/PROJECTS/spack/preprod/02/install/0.18/linux-centos7-skylake/gcc-10.2.0/python-3.9.12-4t7kj5ew6umjslpe5kofug3eo32dvgng/lib/libpython3.9.so.1.0(_PyEval_EvalCodeWithName+0x4e)[0x2aeadc038c6e]
[r160c06s04:27372] [14] /marconi_work/PROJECTS/spack/preprod/02/install/0.18/linux-centos7-skylake/gcc-10.2.0/python-3.9.12-4t7kj5ew6umjslpe5kofug3eo32dvgng/lib/libpython3.9.so.1.0(PyEval_EvalCodeEx+0x3e)[0x2aeadc038cbe]
[r160c06s04:27372] [15] /marconi_work/PROJECTS/spack/preprod/02/install/0.18/linux-centos7-skylake/gcc-10.2.0/python-3.9.12-4t7kj5ew6umjslpe5kofug3eo32dvgng/lib/libpython3.9.so.1.0(PyEval_EvalCode+0x1b)[0x2aeadc038ceb]
[r160c06s04:27372] [16] /marconi_work/PROJECTS/spack/preprod/02/install/0.18/linux-centos7-skylake/gcc-10.2.0/python-3.9.12-4t7kj5ew6umjslpe5kofug3eo32dvgng/lib/libpython3.9.so.1.0(+0x1e7065)[0x2aeadc079065]
[r160c06s04:27372] [17] /marconi_work/PROJECTS/spack/preprod/02/install/0.18/linux-centos7-skylake/gcc-10.2.0/python-3.9.12-4t7kj5ew6umjslpe5kofug3eo32dvgng/lib/libpython3.9.so.1.0(PyRun_SimpleFileExFlags+0x188)[0x2aeadc07aa88]
[r160c06s04:27372] [18] /marconi_work/PROJECTS/spack/preprod/02/install/0.18/linux-centos7-skylake/gcc-10.2.0/python-3.9.12-4t7kj5ew6umjslpe5kofug3eo32dvgng/lib/libpython3.9.so.1.0(Py_RunMain+0x757)[0x2aeadc097587]
[r160c06s04:27372] [19] /marconi_work/PROJECTS/spack/preprod/02/install/0.18/linux-centos7-skylake/gcc-10.2.0/python-3.9.12-4t7kj5ew6umjslpe5kofug3eo32dvgng/lib/libpython3.9.so.1.0(Py_BytesMain+0x43)[0x2aeadc097a23]
[r160c06s04:27372] [20] /lib64/libc.so.6(__libc_start_main+0xf5)[0x2aeadd1d7b35]
[r160c06s04:27372] [21] python3[0x40110e]
[r160c06s04:27372] *** End of error message ***
--------------------------------------------------------------------------
Primary job  terminated normally, but 1 process returned
a non-zero exit code. Per user-direction, the job has been aborted.
--------------------------------------------------------------------------
--------------------------------------------------------------------------
mpirun noticed that process rank 9 with PID 27372 on node r160c06s04 exited on signal 11 (Segmentation fault).
--------------------------------------------------------------------------
WARNING:simsopt.objectives.least_squares:Function evaluation failed for <bound method Vmec.aspect of Vmec1 (nfp=3 mpol=4 ntor=4)>
WARNING:simsopt.objectives.least_squares:Function evaluation failed for <bound method Vmec.aspect of Vmec1 (nfp=3 mpol=4 ntor=4)>
WARNING:simsopt.objectives.least_squares:Function evaluation failed for <bound method Vmec.aspect of Vmec1 (nfp=3 mpol=4 ntor=4)>
WARNING:simsopt.objectives.least_squares:Function evaluation failed for <bound method Vmec.aspect of Vmec1 (nfp=3 mpol=4 ntor=4)>
WARNING:simsopt.objectives.least_squares:Function evaluation failed for <bound method Vmec.aspect of Vmec1 (nfp=3 mpol=4 ntor=4)>
WARNING:simsopt.objectives.least_squares:Function evaluation failed for <bound method Vmec.aspect of Vmec1 (nfp=3 mpol=4 ntor=4)>
WARNING:simsopt.objectives.least_squares:Function evaluation failed for <bound method Vmec.aspect of Vmec1 (nfp=3 mpol=4 ntor=4)>
WARNING:simsopt.objectives.least_squares:Function evaluation failed for <bound method Vmec.aspect of Vmec1 (nfp=3 mpol=4 ntor=4)>
WARNING:simsopt.objectives.least_squares:Function evaluation failed for <bound method Vmec.aspect of Vmec1 (nfp=3 mpol=4 ntor=4)>
WARNING:simsopt.objectives.least_squares:Function evaluation failed for <bound method Vmec.aspect of Vmec1 (nfp=3 mpol=4 ntor=4)>
WARNING:simsopt.objectives.least_squares:Function evaluation failed for <bound method Vmec.aspect of Vmec1 (nfp=3 mpol=4 ntor=4)>
WARNING:simsopt.objectives.least_squares:Function evaluation failed for <bound method Vmec.aspect of Vmec1 (nfp=3 mpol=4 ntor=4)>
WARNING:simsopt.objectives.least_squares:Function evaluation failed for <bound method Vmec.aspect of Vmec1 (nfp=3 mpol=4 ntor=4)>
WARNING:simsopt.objectives.least_squares:Function evaluation failed for <bound method Vmec.aspect of Vmec1 (nfp=3 mpol=4 ntor=4)>
