WARNING:simsopt.objectives.least_squares:Function evaluation failed for <bound method Vmec.aspect of Vmec1 (nfp=2 mpol=6 ntor=6)>
WARNING:simsopt.objectives.least_squares:Function evaluation failed for <bound method Vmec.aspect of Vmec1 (nfp=2 mpol=6 ntor=6)>
WARNING:simsopt.objectives.least_squares:Function evaluation failed for <bound method Vmec.aspect of Vmec1 (nfp=2 mpol=6 ntor=6)>
WARNING:simsopt.objectives.least_squares:Function evaluation failed for <bound method Vmec.aspect of Vmec1 (nfp=2 mpol=6 ntor=6)>
WARNING:simsopt.objectives.least_squares:Function evaluation failed for <bound method Vmec.aspect of Vmec1 (nfp=2 mpol=6 ntor=6)>
WARNING:simsopt.objectives.least_squares:Function evaluation failed for <bound method Vmec.aspect of Vmec1 (nfp=2 mpol=6 ntor=6)>
WARNING:simsopt.objectives.least_squares:Function evaluation failed for <bound method Vmec.aspect of Vmec1 (nfp=2 mpol=6 ntor=6)>
WARNING:simsopt.objectives.least_squares:Function evaluation failed for <bound method Vmec.aspect of Vmec1 (nfp=2 mpol=6 ntor=6)>
WARNING:simsopt.objectives.least_squares:Function evaluation failed for <bound method Vmec.aspect of Vmec1 (nfp=2 mpol=6 ntor=6)>
WARNING:simsopt.objectives.least_squares:Function evaluation failed for <bound method Vmec.aspect of Vmec1 (nfp=2 mpol=6 ntor=6)>
WARNING:simsopt.objectives.least_squares:Function evaluation failed for <bound method Vmec.aspect of Vmec1 (nfp=2 mpol=6 ntor=6)>
WARNING:simsopt.objectives.least_squares:Function evaluation failed for <bound method Vmec.aspect of Vmec1 (nfp=2 mpol=6 ntor=6)>
WARNING:simsopt.objectives.least_squares:Function evaluation failed for <bound method Vmec.aspect of Vmec1 (nfp=2 mpol=6 ntor=6)>
WARNING:simsopt.objectives.least_squares:Function evaluation failed for <bound method Vmec.aspect of Vmec1 (nfp=2 mpol=6 ntor=6)>
WARNING:simsopt.objectives.least_squares:Function evaluation failed for <bound method Vmec.aspect of Vmec1 (nfp=2 mpol=6 ntor=6)>
WARNING:simsopt.objectives.least_squares:Function evaluation failed for <bound method Vmec.aspect of Vmec1 (nfp=2 mpol=6 ntor=6)>
WARNING:simsopt.objectives.least_squares:Function evaluation failed for <bound method Vmec.aspect of Vmec1 (nfp=2 mpol=6 ntor=6)>
WARNING:simsopt.objectives.least_squares:Function evaluation failed for <bound method Vmec.aspect of Vmec1 (nfp=2 mpol=6 ntor=6)>
WARNING:simsopt.objectives.least_squares:Function evaluation failed for <bound method Vmec.aspect of Vmec1 (nfp=2 mpol=6 ntor=6)>
WARNING:simsopt.objectives.least_squares:Function evaluation failed for <bound method Vmec.aspect of Vmec1 (nfp=2 mpol=6 ntor=6)>
WARNING:simsopt.objectives.least_squares:Function evaluation failed for <bound method Vmec.aspect of Vmec1 (nfp=2 mpol=6 ntor=6)>
WARNING:simsopt.objectives.least_squares:Function evaluation failed for <bound method Vmec.aspect of Vmec1 (nfp=2 mpol=6 ntor=6)>
WARNING:simsopt.objectives.least_squares:Function evaluation failed for <bound method Vmec.aspect of Vmec1 (nfp=2 mpol=6 ntor=6)>
WARNING:simsopt.objectives.least_squares:Function evaluation failed for <bound method Vmec.aspect of Vmec1 (nfp=2 mpol=6 ntor=6)>
WARNING:simsopt.objectives.least_squares:Function evaluation failed for <bound method Vmec.aspect of Vmec1 (nfp=2 mpol=6 ntor=6)>
WARNING:simsopt.objectives.least_squares:Function evaluation failed for <bound method Vmec.aspect of Vmec1 (nfp=2 mpol=6 ntor=6)>
WARNING:simsopt.objectives.least_squares:Function evaluation failed for <bound method Vmec.aspect of Vmec1 (nfp=2 mpol=6 ntor=6)>
WARNING:simsopt.objectives.least_squares:Function evaluation failed for <bound method Vmec.aspect of Vmec1 (nfp=2 mpol=6 ntor=6)>
WARNING:simsopt.objectives.least_squares:Function evaluation failed for <bound method Vmec.aspect of Vmec1 (nfp=2 mpol=6 ntor=6)>
WARNING:simsopt.objectives.least_squares:Function evaluation failed for <bound method Vmec.aspect of Vmec1 (nfp=2 mpol=6 ntor=6)>
WARNING:simsopt.objectives.least_squares:Function evaluation failed for <bound method Vmec.aspect of Vmec1 (nfp=2 mpol=6 ntor=6)>
WARNING:simsopt.objectives.least_squares:Function evaluation failed for <bound method Vmec.aspect of Vmec1 (nfp=2 mpol=6 ntor=6)>
WARNING:simsopt.objectives.least_squares:Function evaluation failed for <bound method Vmec.aspect of Vmec1 (nfp=2 mpol=6 ntor=6)>
WARNING:simsopt.objectives.least_squares:Function evaluation failed for <bound method Vmec.aspect of Vmec1 (nfp=2 mpol=6 ntor=6)>
WARNING:simsopt.objectives.least_squares:Function evaluation failed for <bound method Vmec.aspect of Vmec1 (nfp=2 mpol=6 ntor=6)>
WARNING:simsopt.objectives.least_squares:Function evaluation failed for <bound method Vmec.aspect of Vmec1 (nfp=2 mpol=6 ntor=6)>
WARNING:simsopt.objectives.least_squares:Function evaluation failed for <bound method Vmec.aspect of Vmec1 (nfp=2 mpol=6 ntor=6)>
WARNING:simsopt.objectives.least_squares:Function evaluation failed for <bound method Vmec.aspect of Vmec1 (nfp=2 mpol=6 ntor=6)>
WARNING:simsopt.objectives.least_squares:Function evaluation failed for <bound method Vmec.aspect of Vmec1 (nfp=2 mpol=6 ntor=6)>
WARNING:simsopt.objectives.least_squares:Function evaluation failed for <bound method Vmec.aspect of Vmec1 (nfp=2 mpol=6 ntor=6)>
WARNING:simsopt.objectives.least_squares:Function evaluation failed for <bound method Vmec.aspect of Vmec1 (nfp=2 mpol=6 ntor=6)>
WARNING:simsopt.objectives.least_squares:Function evaluation failed for <bound method Vmec.aspect of Vmec1 (nfp=2 mpol=6 ntor=6)>
WARNING:simsopt.objectives.least_squares:Function evaluation failed for <bound method Vmec.aspect of Vmec1 (nfp=2 mpol=6 ntor=6)>
WARNING:simsopt.objectives.least_squares:Function evaluation failed for <bound method Vmec.aspect of Vmec1 (nfp=2 mpol=6 ntor=6)>
WARNING:simsopt.objectives.least_squares:Function evaluation failed for <bound method Vmec.aspect of Vmec1 (nfp=2 mpol=6 ntor=6)>
WARNING:simsopt.objectives.least_squares:Function evaluation failed for <bound method Vmec.aspect of Vmec1 (nfp=2 mpol=6 ntor=6)>
WARNING:simsopt.objectives.least_squares:Function evaluation failed for <bound method Vmec.aspect of Vmec1 (nfp=2 mpol=6 ntor=6)>
WARNING:simsopt.objectives.least_squares:Function evaluation failed for <bound method Vmec.aspect of Vmec1 (nfp=2 mpol=6 ntor=6)>
WARNING:simsopt.objectives.least_squares:Function evaluation failed for <bound method Vmec.aspect of Vmec1 (nfp=2 mpol=6 ntor=6)>
WARNING:simsopt.objectives.least_squares:Function evaluation failed for <bound method Vmec.aspect of Vmec1 (nfp=2 mpol=6 ntor=6)>
WARNING:simsopt.objectives.least_squares:Function evaluation failed for <bound method Vmec.aspect of Vmec1 (nfp=2 mpol=6 ntor=6)>
WARNING:simsopt.objectives.least_squares:Function evaluation failed for <bound method Vmec.aspect of Vmec1 (nfp=2 mpol=6 ntor=6)>
WARNING:simsopt.objectives.least_squares:Function evaluation failed for <bound method Vmec.aspect of Vmec1 (nfp=2 mpol=6 ntor=6)>
WARNING:simsopt.objectives.least_squares:Function evaluation failed for <bound method Vmec.aspect of Vmec1 (nfp=2 mpol=6 ntor=6)>
WARNING:simsopt.objectives.least_squares:Function evaluation failed for <bound method Vmec.aspect of Vmec1 (nfp=2 mpol=6 ntor=6)>
WARNING:simsopt.objectives.least_squares:Function evaluation failed for <bound method Vmec.aspect of Vmec1 (nfp=2 mpol=6 ntor=6)>
WARNING:simsopt.objectives.least_squares:Function evaluation failed for <bound method Vmec.aspect of Vmec1 (nfp=2 mpol=6 ntor=6)>
WARNING:simsopt.objectives.least_squares:Function evaluation failed for <bound method Vmec.aspect of Vmec1 (nfp=2 mpol=6 ntor=6)>
WARNING:simsopt.objectives.least_squares:Function evaluation failed for <bound method Vmec.aspect of Vmec1 (nfp=2 mpol=6 ntor=6)>
WARNING:simsopt.objectives.least_squares:Function evaluation failed for <bound method Vmec.aspect of Vmec1 (nfp=2 mpol=6 ntor=6)>
WARNING:simsopt.objectives.least_squares:Function evaluation failed for <bound method Vmec.aspect of Vmec1 (nfp=2 mpol=6 ntor=6)>
WARNING:simsopt.objectives.least_squares:Function evaluation failed for <bound method Vmec.aspect of Vmec1 (nfp=2 mpol=6 ntor=6)>
WARNING:simsopt.objectives.least_squares:Function evaluation failed for <bound method Vmec.aspect of Vmec1 (nfp=2 mpol=6 ntor=6)>
WARNING:simsopt.objectives.least_squares:Function evaluation failed for <bound method Vmec.aspect of Vmec1 (nfp=2 mpol=6 ntor=6)>
WARNING:simsopt.objectives.least_squares:Function evaluation failed for <bound method Vmec.aspect of Vmec1 (nfp=2 mpol=6 ntor=6)>
WARNING:simsopt.objectives.least_squares:Function evaluation failed for <bound method Vmec.aspect of Vmec1 (nfp=2 mpol=6 ntor=6)>
WARNING:simsopt.objectives.least_squares:Function evaluation failed for <bound method Vmec.aspect of Vmec1 (nfp=2 mpol=6 ntor=6)>
WARNING:simsopt.objectives.least_squares:Function evaluation failed for <bound method Vmec.aspect of Vmec1 (nfp=2 mpol=6 ntor=6)>
WARNING:simsopt.objectives.least_squares:Function evaluation failed for <bound method Vmec.aspect of Vmec1 (nfp=2 mpol=6 ntor=6)>
WARNING:simsopt.objectives.least_squares:Function evaluation failed for <bound method Vmec.aspect of Vmec1 (nfp=2 mpol=6 ntor=6)>
WARNING:simsopt.objectives.least_squares:Function evaluation failed for <bound method Vmec.aspect of Vmec1 (nfp=2 mpol=6 ntor=6)>
WARNING:simsopt.objectives.least_squares:Function evaluation failed for <bound method Vmec.aspect of Vmec1 (nfp=2 mpol=6 ntor=6)>
WARNING:simsopt.objectives.least_squares:Function evaluation failed for <bound method Vmec.aspect of Vmec1 (nfp=2 mpol=6 ntor=6)>
WARNING:simsopt.objectives.least_squares:Function evaluation failed for <bound method Vmec.aspect of Vmec1 (nfp=2 mpol=6 ntor=6)>
WARNING:simsopt.objectives.least_squares:Function evaluation failed for <bound method Vmec.aspect of Vmec1 (nfp=2 mpol=6 ntor=6)>
WARNING:simsopt.objectives.least_squares:Function evaluation failed for <bound method Vmec.aspect of Vmec1 (nfp=2 mpol=6 ntor=6)>
WARNING:simsopt.objectives.least_squares:Function evaluation failed for <bound method Vmec.aspect of Vmec1 (nfp=2 mpol=6 ntor=6)>
[r135c04s02:52253] *** Process received signal ***
[r135c04s02:52253] Signal: Segmentation fault (11)
[r135c04s02:52253] Signal code: Invalid permissions (2)
[r135c04s02:52253] Failing at address: 0x2b894d590000
[r135c04s02:52253] [ 0] /lib64/libpthread.so.0(+0xf370)[0x2b88b0a9a370]
[r135c04s02:52253] [ 1] /marconi/home/userexternal/rjorge00/.local/lib/python3.9/site-packages/booz_xform-0.0.7-py3.9-linux-x86_64.egg/booz_xform/_booz_xform.cpython-39-x86_64-linux-gnu.so(+0x26b0a)[0x2b88f51c3b0a]
[r135c04s02:52253] [ 2] /marconi_work/PROJECTS/spack/preprod/02/install/0.18/linux-centos7-skylake/gcc-10.2.0/python-3.9.12-4t7kj5ew6umjslpe5kofug3eo32dvgng/lib/libpython3.9.so.1.0(_PyObject_MakeTpCall+0x80)[0x2b88b01471d0]
[r135c04s02:52253] [ 3] /marconi_work/PROJECTS/spack/preprod/02/install/0.18/linux-centos7-skylake/gcc-10.2.0/python-3.9.12-4t7kj5ew6umjslpe5kofug3eo32dvgng/lib/libpython3.9.so.1.0(_PyEval_EvalFrameDefault+0x69c9)[0x2b88b00f9999]
[r135c04s02:52253] [ 4] /marconi_work/PROJECTS/spack/preprod/02/install/0.18/linux-centos7-skylake/gcc-10.2.0/python-3.9.12-4t7kj5ew6umjslpe5kofug3eo32dvgng/lib/libpython3.9.so.1.0(+0x66069)[0x2b88b00f2069]
[r135c04s02:52253] [ 5] /marconi_work/PROJECTS/spack/preprod/02/install/0.18/linux-centos7-skylake/gcc-10.2.0/python-3.9.12-4t7kj5ew6umjslpe5kofug3eo32dvgng/lib/libpython3.9.so.1.0(+0x12290a)[0x2b88b01ae90a]
[r135c04s02:52253] [ 6] /marconi_work/PROJECTS/spack/preprod/02/install/0.18/linux-centos7-skylake/gcc-10.2.0/python-3.9.12-4t7kj5ew6umjslpe5kofug3eo32dvgng/lib/libpython3.9.so.1.0(+0x122a6f)[0x2b88b01aea6f]
[r135c04s02:52253] [ 7] /marconi_work/PROJECTS/spack/preprod/02/install/0.18/linux-centos7-skylake/gcc-10.2.0/python-3.9.12-4t7kj5ew6umjslpe5kofug3eo32dvgng/lib/libpython3.9.so.1.0(PyNumber_Add+0x93)[0x2b88b012be23]
[r135c04s02:52253] [ 8] /marconi_work/PROJECTS/spack/preprod/02/install/0.18/linux-centos7-skylake/gcc-10.2.0/python-3.9.12-4t7kj5ew6umjslpe5kofug3eo32dvgng/lib/libpython3.9.so.1.0(_PyEval_EvalFrameDefault+0x1df0)[0x2b88b00f4dc0]
[r135c04s02:52253] [ 9] /marconi_work/PROJECTS/spack/preprod/02/install/0.18/linux-centos7-skylake/gcc-10.2.0/python-3.9.12-4t7kj5ew6umjslpe5kofug3eo32dvgng/lib/libpython3.9.so.1.0(+0x1a674c)[0x2b88b023274c]
[r135c04s02:52253] [10] /marconi_work/PROJECTS/spack/preprod/02/install/0.18/linux-centos7-skylake/gcc-10.2.0/python-3.9.12-4t7kj5ew6umjslpe5kofug3eo32dvgng/lib/libpython3.9.so.1.0(_PyFunction_Vectorcall+0x9d)[0x2b88b0146f3d]
[r135c04s02:52253] [11] /marconi_work/PROJECTS/spack/preprod/02/install/0.18/linux-centos7-skylake/gcc-10.2.0/python-3.9.12-4t7kj5ew6umjslpe5kofug3eo32dvgng/lib/libpython3.9.so.1.0(_PyEval_EvalFrameDefault+0x697f)[0x2b88b00f994f]
[r135c04s02:52253] [12] /marconi_work/PROJECTS/spack/preprod/02/install/0.18/linux-centos7-skylake/gcc-10.2.0/python-3.9.12-4t7kj5ew6umjslpe5kofug3eo32dvgng/lib/libpython3.9.so.1.0(+0x1a674c)[0x2b88b023274c]
[r135c04s02:52253] [13] /marconi_work/PROJECTS/spack/preprod/02/install/0.18/linux-centos7-skylake/gcc-10.2.0/python-3.9.12-4t7kj5ew6umjslpe5kofug3eo32dvgng/lib/libpython3.9.so.1.0(_PyEval_EvalCodeWithName+0x4e)[0x2b88b0232c6e]
[r135c04s02:52253] [14] /marconi_work/PROJECTS/spack/preprod/02/install/0.18/linux-centos7-skylake/gcc-10.2.0/python-3.9.12-4t7kj5ew6umjslpe5kofug3eo32dvgng/lib/libpython3.9.so.1.0(PyEval_EvalCodeEx+0x3e)[0x2b88b0232cbe]
[r135c04s02:52253] [15] /marconi_work/PROJECTS/spack/preprod/02/install/0.18/linux-centos7-skylake/gcc-10.2.0/python-3.9.12-4t7kj5ew6umjslpe5kofug3eo32dvgng/lib/libpython3.9.so.1.0(PyEval_EvalCode+0x1b)[0x2b88b0232ceb]
[r135c04s02:52253] [16] /marconi_work/PROJECTS/spack/preprod/02/install/0.18/linux-centos7-skylake/gcc-10.2.0/python-3.9.12-4t7kj5ew6umjslpe5kofug3eo32dvgng/lib/libpython3.9.so.1.0(+0x1e7065)[0x2b88b0273065]
[r135c04s02:52253] [17] /marconi_work/PROJECTS/spack/preprod/02/install/0.18/linux-centos7-skylake/gcc-10.2.0/python-3.9.12-4t7kj5ew6umjslpe5kofug3eo32dvgng/lib/libpython3.9.so.1.0(PyRun_SimpleFileExFlags+0x188)[0x2b88b0274a88]
[r135c04s02:52253] [18] /marconi_work/PROJECTS/spack/preprod/02/install/0.18/linux-centos7-skylake/gcc-10.2.0/python-3.9.12-4t7kj5ew6umjslpe5kofug3eo32dvgng/lib/libpython3.9.so.1.0(Py_RunMain+0x757)[0x2b88b0291587]
[r135c04s02:52253] [19] /marconi_work/PROJECTS/spack/preprod/02/install/0.18/linux-centos7-skylake/gcc-10.2.0/python-3.9.12-4t7kj5ew6umjslpe5kofug3eo32dvgng/lib/libpython3.9.so.1.0(Py_BytesMain+0x43)[0x2b88b0291a23]
[r135c04s02:52253] [20] /lib64/libc.so.6(__libc_start_main+0xf5)[0x2b88b13d1b35]
[r135c04s02:52253] [21] python3[0x40110e]
[r135c04s02:52253] *** End of error message ***
--------------------------------------------------------------------------
Primary job  terminated normally, but 1 process returned
a non-zero exit code. Per user-direction, the job has been aborted.
--------------------------------------------------------------------------
--------------------------------------------------------------------------
mpirun noticed that process rank 10 with PID 52253 on node r135c04s02 exited on signal 11 (Segmentation fault).
--------------------------------------------------------------------------
[r161c16s03:45369] *** Process received signal ***
[r161c16s03:45369] Signal: Segmentation fault (11)
[r161c16s03:45369] Signal code: Invalid permissions (2)
[r161c16s03:45369] Failing at address: 0x2ac5f13b4000
[r161c16s03:45369] [ 0] /lib64/libpthread.so.0(+0xf370)[0x2ac5548c0370]
[r161c16s03:45369] [ 1] /marconi/home/userexternal/rjorge00/.local/lib/python3.9/site-packages/booz_xform-0.0.7-py3.9-linux-x86_64.egg/booz_xform/_booz_xform.cpython-39-x86_64-linux-gnu.so(+0x26b0a)[0x2ac598fe9b0a]
[r161c16s03:45369] [ 2] /marconi_work/PROJECTS/spack/preprod/02/install/0.18/linux-centos7-skylake/gcc-10.2.0/python-3.9.12-4t7kj5ew6umjslpe5kofug3eo32dvgng/lib/libpython3.9.so.1.0(_PyObject_MakeTpCall+0x80)[0x2ac553f6d1d0]
[r161c16s03:45369] [ 3] /marconi_work/PROJECTS/spack/preprod/02/install/0.18/linux-centos7-skylake/gcc-10.2.0/python-3.9.12-4t7kj5ew6umjslpe5kofug3eo32dvgng/lib/libpython3.9.so.1.0(_PyEval_EvalFrameDefault+0x69c9)[0x2ac553f1f999]
[r161c16s03:45369] [ 4] /marconi_work/PROJECTS/spack/preprod/02/install/0.18/linux-centos7-skylake/gcc-10.2.0/python-3.9.12-4t7kj5ew6umjslpe5kofug3eo32dvgng/lib/libpython3.9.so.1.0(+0x66069)[0x2ac553f18069]
[r161c16s03:45369] [ 5] /marconi_work/PROJECTS/spack/preprod/02/install/0.18/linux-centos7-skylake/gcc-10.2.0/python-3.9.12-4t7kj5ew6umjslpe5kofug3eo32dvgng/lib/libpython3.9.so.1.0(+0x12290a)[0x2ac553fd490a]
[r161c16s03:45369] [ 6] /marconi_work/PROJECTS/spack/preprod/02/install/0.18/linux-centos7-skylake/gcc-10.2.0/python-3.9.12-4t7kj5ew6umjslpe5kofug3eo32dvgng/lib/libpython3.9.so.1.0(+0x122a6f)[0x2ac553fd4a6f]
[r161c16s03:45369] [ 7] /marconi_work/PROJECTS/spack/preprod/02/install/0.18/linux-centos7-skylake/gcc-10.2.0/python-3.9.12-4t7kj5ew6umjslpe5kofug3eo32dvgng/lib/libpython3.9.so.1.0(PyNumber_Add+0x93)[0x2ac553f51e23]
[r161c16s03:45369] [ 8] /marconi_work/PROJECTS/spack/preprod/02/install/0.18/linux-centos7-skylake/gcc-10.2.0/python-3.9.12-4t7kj5ew6umjslpe5kofug3eo32dvgng/lib/libpython3.9.so.1.0(_PyEval_EvalFrameDefault+0x1df0)[0x2ac553f1adc0]
[r161c16s03:45369] [ 9] /marconi_work/PROJECTS/spack/preprod/02/install/0.18/linux-centos7-skylake/gcc-10.2.0/python-3.9.12-4t7kj5ew6umjslpe5kofug3eo32dvgng/lib/libpython3.9.so.1.0(+0x1a674c)[0x2ac55405874c]
[r161c16s03:45369] [10] /marconi_work/PROJECTS/spack/preprod/02/install/0.18/linux-centos7-skylake/gcc-10.2.0/python-3.9.12-4t7kj5ew6umjslpe5kofug3eo32dvgng/lib/libpython3.9.so.1.0(_PyFunction_Vectorcall+0x9d)[0x2ac553f6cf3d]
[r161c16s03:45369] [11] /marconi_work/PROJECTS/spack/preprod/02/install/0.18/linux-centos7-skylake/gcc-10.2.0/python-3.9.12-4t7kj5ew6umjslpe5kofug3eo32dvgng/lib/libpython3.9.so.1.0(_PyEval_EvalFrameDefault+0x697f)[0x2ac553f1f94f]
[r161c16s03:45369] [12] /marconi_work/PROJECTS/spack/preprod/02/install/0.18/linux-centos7-skylake/gcc-10.2.0/python-3.9.12-4t7kj5ew6umjslpe5kofug3eo32dvgng/lib/libpython3.9.so.1.0(+0x1a674c)[0x2ac55405874c]
[r161c16s03:45369] [13] /marconi_work/PROJECTS/spack/preprod/02/install/0.18/linux-centos7-skylake/gcc-10.2.0/python-3.9.12-4t7kj5ew6umjslpe5kofug3eo32dvgng/lib/libpython3.9.so.1.0(_PyEval_EvalCodeWithName+0x4e)[0x2ac554058c6e]
[r161c16s03:45369] [14] /marconi_work/PROJECTS/spack/preprod/02/install/0.18/linux-centos7-skylake/gcc-10.2.0/python-3.9.12-4t7kj5ew6umjslpe5kofug3eo32dvgng/lib/libpython3.9.so.1.0(PyEval_EvalCodeEx+0x3e)[0x2ac554058cbe]
[r161c16s03:45369] [15] /marconi_work/PROJECTS/spack/preprod/02/install/0.18/linux-centos7-skylake/gcc-10.2.0/python-3.9.12-4t7kj5ew6umjslpe5kofug3eo32dvgng/lib/libpython3.9.so.1.0(PyEval_EvalCode+0x1b)[0x2ac554058ceb]
[r161c16s03:45369] [16] /marconi_work/PROJECTS/spack/preprod/02/install/0.18/linux-centos7-skylake/gcc-10.2.0/python-3.9.12-4t7kj5ew6umjslpe5kofug3eo32dvgng/lib/libpython3.9.so.1.0(+0x1e7065)[0x2ac554099065]
[r161c16s03:45369] [17] /marconi_work/PROJECTS/spack/preprod/02/install/0.18/linux-centos7-skylake/gcc-10.2.0/python-3.9.12-4t7kj5ew6umjslpe5kofug3eo32dvgng/lib/libpython3.9.so.1.0(PyRun_SimpleFileExFlags+0x188)[0x2ac55409aa88]
[r161c16s03:45369] [18] /marconi_work/PROJECTS/spack/preprod/02/install/0.18/linux-centos7-skylake/gcc-10.2.0/python-3.9.12-4t7kj5ew6umjslpe5kofug3eo32dvgng/lib/libpython3.9.so.1.0(Py_RunMain+0x757)[0x2ac5540b7587]
[r161c16s03:45369] [19] /marconi_work/PROJECTS/spack/preprod/02/install/0.18/linux-centos7-skylake/gcc-10.2.0/python-3.9.12-4t7kj5ew6umjslpe5kofug3eo32dvgng/lib/libpython3.9.so.1.0(Py_BytesMain+0x43)[0x2ac5540b7a23]
[r161c16s03:45369] [20] /lib64/libc.so.6(__libc_start_main+0xf5)[0x2ac5551f7b35]
[r161c16s03:45369] [21] python3[0x40110e]
[r161c16s03:45369] *** End of error message ***
--------------------------------------------------------------------------
Primary job  terminated normally, but 1 process returned
a non-zero exit code. Per user-direction, the job has been aborted.
--------------------------------------------------------------------------
--------------------------------------------------------------------------
mpirun noticed that process rank 20 with PID 45369 on node r161c16s03 exited on signal 11 (Segmentation fault).
--------------------------------------------------------------------------
[r145c06s03:51430] *** Process received signal ***
[r145c06s03:51430] Signal: Segmentation fault (11)
[r145c06s03:51430] Signal code: Invalid permissions (2)
[r145c06s03:51430] Failing at address: 0x2b85f1ac1000
[r145c06s03:51430] [ 0] /lib64/libpthread.so.0(+0xf370)[0x2b8554fd9370]
[r145c06s03:51430] [ 1] /marconi/home/userexternal/rjorge00/.local/lib/python3.9/site-packages/booz_xform-0.0.7-py3.9-linux-x86_64.egg/booz_xform/_booz_xform.cpython-39-x86_64-linux-gnu.so(+0x26b0a)[0x2b8599702b0a]
[r145c06s03:51430] [ 2] /marconi_work/PROJECTS/spack/preprod/02/install/0.18/linux-centos7-skylake/gcc-10.2.0/python-3.9.12-4t7kj5ew6umjslpe5kofug3eo32dvgng/lib/libpython3.9.so.1.0(_PyObject_MakeTpCall+0x80)[0x2b85546861d0]
[r145c06s03:51430] [ 3] /marconi_work/PROJECTS/spack/preprod/02/install/0.18/linux-centos7-skylake/gcc-10.2.0/python-3.9.12-4t7kj5ew6umjslpe5kofug3eo32dvgng/lib/libpython3.9.so.1.0(_PyEval_EvalFrameDefault+0x69c9)[0x2b8554638999]
[r145c06s03:51430] [ 4] /marconi_work/PROJECTS/spack/preprod/02/install/0.18/linux-centos7-skylake/gcc-10.2.0/python-3.9.12-4t7kj5ew6umjslpe5kofug3eo32dvgng/lib/libpython3.9.so.1.0(+0x66069)[0x2b8554631069]
[r145c06s03:51430] [ 5] /marconi_work/PROJECTS/spack/preprod/02/install/0.18/linux-centos7-skylake/gcc-10.2.0/python-3.9.12-4t7kj5ew6umjslpe5kofug3eo32dvgng/lib/libpython3.9.so.1.0(+0x12290a)[0x2b85546ed90a]
[r145c06s03:51430] [ 6] /marconi_work/PROJECTS/spack/preprod/02/install/0.18/linux-centos7-skylake/gcc-10.2.0/python-3.9.12-4t7kj5ew6umjslpe5kofug3eo32dvgng/lib/libpython3.9.so.1.0(+0x122a6f)[0x2b85546eda6f]
[r145c06s03:51430] [ 7] /marconi_work/PROJECTS/spack/preprod/02/install/0.18/linux-centos7-skylake/gcc-10.2.0/python-3.9.12-4t7kj5ew6umjslpe5kofug3eo32dvgng/lib/libpython3.9.so.1.0(PyNumber_Add+0x93)[0x2b855466ae23]
[r145c06s03:51430] [ 8] /marconi_work/PROJECTS/spack/preprod/02/install/0.18/linux-centos7-skylake/gcc-10.2.0/python-3.9.12-4t7kj5ew6umjslpe5kofug3eo32dvgng/lib/libpython3.9.so.1.0(_PyEval_EvalFrameDefault+0x1df0)[0x2b8554633dc0]
[r145c06s03:51430] [ 9] /marconi_work/PROJECTS/spack/preprod/02/install/0.18/linux-centos7-skylake/gcc-10.2.0/python-3.9.12-4t7kj5ew6umjslpe5kofug3eo32dvgng/lib/libpython3.9.so.1.0(+0x1a674c)[0x2b855477174c]
[r145c06s03:51430] [10] /marconi_work/PROJECTS/spack/preprod/02/install/0.18/linux-centos7-skylake/gcc-10.2.0/python-3.9.12-4t7kj5ew6umjslpe5kofug3eo32dvgng/lib/libpython3.9.so.1.0(_PyFunction_Vectorcall+0x9d)[0x2b8554685f3d]
[r145c06s03:51430] [11] /marconi_work/PROJECTS/spack/preprod/02/install/0.18/linux-centos7-skylake/gcc-10.2.0/python-3.9.12-4t7kj5ew6umjslpe5kofug3eo32dvgng/lib/libpython3.9.so.1.0(_PyEval_EvalFrameDefault+0x697f)[0x2b855463894f]
[r145c06s03:51430] [12] /marconi_work/PROJECTS/spack/preprod/02/install/0.18/linux-centos7-skylake/gcc-10.2.0/python-3.9.12-4t7kj5ew6umjslpe5kofug3eo32dvgng/lib/libpython3.9.so.1.0(+0x1a674c)[0x2b855477174c]
[r145c06s03:51430] [13] /marconi_work/PROJECTS/spack/preprod/02/install/0.18/linux-centos7-skylake/gcc-10.2.0/python-3.9.12-4t7kj5ew6umjslpe5kofug3eo32dvgng/lib/libpython3.9.so.1.0(_PyEval_EvalCodeWithName+0x4e)[0x2b8554771c6e]
[r145c06s03:51430] [14] /marconi_work/PROJECTS/spack/preprod/02/install/0.18/linux-centos7-skylake/gcc-10.2.0/python-3.9.12-4t7kj5ew6umjslpe5kofug3eo32dvgng/lib/libpython3.9.so.1.0(PyEval_EvalCodeEx+0x3e)[0x2b8554771cbe]
[r145c06s03:51430] [15] /marconi_work/PROJECTS/spack/preprod/02/install/0.18/linux-centos7-skylake/gcc-10.2.0/python-3.9.12-4t7kj5ew6umjslpe5kofug3eo32dvgng/lib/libpython3.9.so.1.0(PyEval_EvalCode+0x1b)[0x2b8554771ceb]
[r145c06s03:51430] [16] /marconi_work/PROJECTS/spack/preprod/02/install/0.18/linux-centos7-skylake/gcc-10.2.0/python-3.9.12-4t7kj5ew6umjslpe5kofug3eo32dvgng/lib/libpython3.9.so.1.0(+0x1e7065)[0x2b85547b2065]
[r145c06s03:51430] [17] /marconi_work/PROJECTS/spack/preprod/02/install/0.18/linux-centos7-skylake/gcc-10.2.0/python-3.9.12-4t7kj5ew6umjslpe5kofug3eo32dvgng/lib/libpython3.9.so.1.0(PyRun_SimpleFileExFlags+0x188)[0x2b85547b3a88]
[r145c06s03:51430] [18] /marconi_work/PROJECTS/spack/preprod/02/install/0.18/linux-centos7-skylake/gcc-10.2.0/python-3.9.12-4t7kj5ew6umjslpe5kofug3eo32dvgng/lib/libpython3.9.so.1.0(Py_RunMain+0x757)[0x2b85547d0587]
[r145c06s03:51430] [19] /marconi_work/PROJECTS/spack/preprod/02/install/0.18/linux-centos7-skylake/gcc-10.2.0/python-3.9.12-4t7kj5ew6umjslpe5kofug3eo32dvgng/lib/libpython3.9.so.1.0(Py_BytesMain+0x43)[0x2b85547d0a23]
[r145c06s03:51430] [20] /lib64/libc.so.6(__libc_start_main+0xf5)[0x2b8555910b35]
[r145c06s03:51430] [21] python3[0x40110e]
[r145c06s03:51430] *** End of error message ***
--------------------------------------------------------------------------
Primary job  terminated normally, but 1 process returned
a non-zero exit code. Per user-direction, the job has been aborted.
--------------------------------------------------------------------------
[r161c16s03:45960] *** Process received signal ***
[r161c16s03:45960] Signal: Segmentation fault (11)
[r161c16s03:45960] Signal code: Invalid permissions (2)
[r161c16s03:45960] Failing at address: 0x2aff50a27000
[r161c16s03:45960] [ 0] /lib64/libpthread.so.0(+0xf370)[0x2afeb3f29370]
[r161c16s03:45960] [ 1] /marconi/home/userexternal/rjorge00/.local/lib/python3.9/site-packages/booz_xform-0.0.7-py3.9-linux-x86_64.egg/booz_xform/_booz_xform.cpython-39-x86_64-linux-gnu.so(+0x26b0a)[0x2afef8652b0a]
[r161c16s03:45960] [ 2] /marconi_work/PROJECTS/spack/preprod/02/install/0.18/linux-centos7-skylake/gcc-10.2.0/python-3.9.12-4t7kj5ew6umjslpe5kofug3eo32dvgng/lib/libpython3.9.so.1.0(_PyObject_MakeTpCall+0x80)[0x2afeb35d61d0]
[r161c16s03:45960] [ 3] /marconi_work/PROJECTS/spack/preprod/02/install/0.18/linux-centos7-skylake/gcc-10.2.0/python-3.9.12-4t7kj5ew6umjslpe5kofug3eo32dvgng/lib/libpython3.9.so.1.0(_PyEval_EvalFrameDefault+0x69c9)[0x2afeb3588999]
[r161c16s03:45960] [ 4] /marconi_work/PROJECTS/spack/preprod/02/install/0.18/linux-centos7-skylake/gcc-10.2.0/python-3.9.12-4t7kj5ew6umjslpe5kofug3eo32dvgng/lib/libpython3.9.so.1.0(+0x66069)[0x2afeb3581069]
[r161c16s03:45960] [ 5] /marconi_work/PROJECTS/spack/preprod/02/install/0.18/linux-centos7-skylake/gcc-10.2.0/python-3.9.12-4t7kj5ew6umjslpe5kofug3eo32dvgng/lib/libpython3.9.so.1.0(+0x12290a)[0x2afeb363d90a]
[r161c16s03:45960] [ 6] /marconi_work/PROJECTS/spack/preprod/02/install/0.18/linux-centos7-skylake/gcc-10.2.0/python-3.9.12-4t7kj5ew6umjslpe5kofug3eo32dvgng/lib/libpython3.9.so.1.0(+0x122a6f)[0x2afeb363da6f]
[r161c16s03:45960] [ 7] /marconi_work/PROJECTS/spack/preprod/02/install/0.18/linux-centos7-skylake/gcc-10.2.0/python-3.9.12-4t7kj5ew6umjslpe5kofug3eo32dvgng/lib/libpython3.9.so.1.0(PyNumber_Add+0x93)[0x2afeb35bae23]
[r161c16s03:45960] [ 8] /marconi_work/PROJECTS/spack/preprod/02/install/0.18/linux-centos7-skylake/gcc-10.2.0/python-3.9.12-4t7kj5ew6umjslpe5kofug3eo32dvgng/lib/libpython3.9.so.1.0(_PyEval_EvalFrameDefault+0x1df0)[0x2afeb3583dc0]
[r161c16s03:45960] [ 9] /marconi_work/PROJECTS/spack/preprod/02/install/0.18/linux-centos7-skylake/gcc-10.2.0/python-3.9.12-4t7kj5ew6umjslpe5kofug3eo32dvgng/lib/libpython3.9.so.1.0(+0x1a674c)[0x2afeb36c174c]
[r161c16s03:45960] [10] /marconi_work/PROJECTS/spack/preprod/02/install/0.18/linux-centos7-skylake/gcc-10.2.0/python-3.9.12-4t7kj5ew6umjslpe5kofug3eo32dvgng/lib/libpython3.9.so.1.0(_PyFunction_Vectorcall+0x9d)[0x2afeb35d5f3d]
[r161c16s03:45960] [11] /marconi_work/PROJECTS/spack/preprod/02/install/0.18/linux-centos7-skylake/gcc-10.2.0/python-3.9.12-4t7kj5ew6umjslpe5kofug3eo32dvgng/lib/libpython3.9.so.1.0(_PyEval_EvalFrameDefault+0x697f)[0x2afeb358894f]
[r161c16s03:45960] [12] /marconi_work/PROJECTS/spack/preprod/02/install/0.18/linux-centos7-skylake/gcc-10.2.0/python-3.9.12-4t7kj5ew6umjslpe5kofug3eo32dvgng/lib/libpython3.9.so.1.0(+0x1a674c)[0x2afeb36c174c]
[r161c16s03:45960] [13] /marconi_work/PROJECTS/spack/preprod/02/install/0.18/linux-centos7-skylake/gcc-10.2.0/python-3.9.12-4t7kj5ew6umjslpe5kofug3eo32dvgng/lib/libpython3.9.so.1.0(_PyEval_EvalCodeWithName+0x4e)[0x2afeb36c1c6e]
[r161c16s03:45960] [14] /marconi_work/PROJECTS/spack/preprod/02/install/0.18/linux-centos7-skylake/gcc-10.2.0/python-3.9.12-4t7kj5ew6umjslpe5kofug3eo32dvgng/lib/libpython3.9.so.1.0(PyEval_EvalCodeEx+0x3e)[0x2afeb36c1cbe]
[r161c16s03:45960] [15] /marconi_work/PROJECTS/spack/preprod/02/install/0.18/linux-centos7-skylake/gcc-10.2.0/python-3.9.12-4t7kj5ew6umjslpe5kofug3eo32dvgng/lib/libpython3.9.so.1.0(PyEval_EvalCode+0x1b)[0x2afeb36c1ceb]
[r161c16s03:45960] [16] /marconi_work/PROJECTS/spack/preprod/02/install/0.18/linux-centos7-skylake/gcc-10.2.0/python-3.9.12-4t7kj5ew6umjslpe5kofug3eo32dvgng/lib/libpython3.9.so.1.0(+0x1e7065)[0x2afeb3702065]
[r161c16s03:45960] [17] /marconi_work/PROJECTS/spack/preprod/02/install/0.18/linux-centos7-skylake/gcc-10.2.0/python-3.9.12-4t7kj5ew6umjslpe5kofug3eo32dvgng/lib/libpython3.9.so.1.0(PyRun_SimpleFileExFlags+0x188)[0x2afeb3703a88]
[r161c16s03:45960] [18] /marconi_work/PROJECTS/spack/preprod/02/install/0.18/linux-centos7-skylake/gcc-10.2.0/python-3.9.12-4t7kj5ew6umjslpe5kofug3eo32dvgng/lib/libpython3.9.so.1.0(Py_RunMain+0x757)[0x2afeb3720587]
[r161c16s03:45960] [19] /marconi_work/PROJECTS/spack/preprod/02/install/0.18/linux-centos7-skylake/gcc-10.2.0/python-3.9.12-4t7kj5ew6umjslpe5kofug3eo32dvgng/lib/libpython3.9.so.1.0(Py_BytesMain+0x43)[0x2afeb3720a23]
[r161c16s03:45960] [20] /lib64/libc.so.6(__libc_start_main+0xf5)[0x2afeb4860b35]
[r161c16s03:45960] [21] python3[0x40110e]
[r161c16s03:45960] *** End of error message ***
--------------------------------------------------------------------------
mpirun noticed that process rank 15 with PID 51430 on node r145c06s03 exited on signal 11 (Segmentation fault).
--------------------------------------------------------------------------
